D:\Priv\sprinterBoard\clientApp\dist\out-tsc\src\app\app.component.js
D:\Priv\sprinterBoard\clientApp\dist\out-tsc\src\app\app.component.js.map
D:\Priv\sprinterBoard\clientApp\dist\out-tsc\src\app\task-list\task.service.js
D:\Priv\sprinterBoard\clientApp\dist\out-tsc\src\app\task-list\task.service.js.map
D:\Priv\sprinterBoard\clientApp\dist\out-tsc\src\app\task-list\task-list.component.js
D:\Priv\sprinterBoard\clientApp\dist\out-tsc\src\app\task-list\task-list.component.js.map
D:\Priv\sprinterBoard\clientApp\dist\out-tsc\src\app\task-details\task-details.component.js
D:\Priv\sprinterBoard\clientApp\dist\out-tsc\src\app\task-details\task-details.component.js.map
D:\Priv\sprinterBoard\clientApp\dist\out-tsc\src\app\app.module.js
D:\Priv\sprinterBoard\clientApp\dist\out-tsc\src\app\app.module.js.map
D:\Priv\sprinterBoard\clientApp\dist\out-tsc\src\environments\environment.js
D:\Priv\sprinterBoard\clientApp\dist\out-tsc\src\environments\environment.js.map
D:\Priv\sprinterBoard\clientApp\dist\out-tsc\src\main.js
D:\Priv\sprinterBoard\clientApp\dist\out-tsc\src\main.js.map
D:\Priv\sprinterBoard\clientApp\dist\out-tsc\src\polyfills.js
D:\Priv\sprinterBoard\clientApp\dist\out-tsc\src\polyfills.js.map
D:\Priv\sprinterBoard\clientApp\dist\out-tsc\src\test.js
D:\Priv\sprinterBoard\clientApp\dist\out-tsc\src\test.js.map
D:\Priv\sprinterBoard\clientApp\dist\out-tsc\src\environments\environment.prod.js
D:\Priv\sprinterBoard\clientApp\dist\out-tsc\src\environments\environment.prod.js.map
D:\Priv\sprinterBoard\clientApp\dist\out-tsc\src\app\app.component.spec.js
D:\Priv\sprinterBoard\clientApp\dist\out-tsc\src\app\app.component.spec.js.map
D:\Priv\sprinterBoard\clientApp\dist\out-tsc\src\app\task-list\task-list.component.spec.js
D:\Priv\sprinterBoard\clientApp\dist\out-tsc\src\app\task-list\task-list.component.spec.js.map
D:\Priv\sprinterBoard\clientApp\dist\out-tsc\src\app\task-details\task-details.component.spec.js
D:\Priv\sprinterBoard\clientApp\dist\out-tsc\src\app\task-details\task-details.component.spec.js.map
D:\Priv\sprinterBoard\clientApp\dist\out-tsc\e2e\app.po.js
D:\Priv\sprinterBoard\clientApp\dist\out-tsc\e2e\app.po.js.map
D:\Priv\sprinterBoard\clientApp\dist\out-tsc\e2e\app.e2e-spec.js
D:\Priv\sprinterBoard\clientApp\dist\out-tsc\e2e\app.e2e-spec.js.map
D:\Priv\sprinterBoard\clientApp\dist\out-tsc\src\app\app.component.js
D:\Priv\sprinterBoard\clientApp\dist\out-tsc\src\app\app.component.js.map
D:\Priv\sprinterBoard\clientApp\dist\out-tsc\src\app\task-list\task.service.js
D:\Priv\sprinterBoard\clientApp\dist\out-tsc\src\app\task-list\task.service.js.map
D:\Priv\sprinterBoard\clientApp\dist\out-tsc\src\app\task-list\task-list.component.js
D:\Priv\sprinterBoard\clientApp\dist\out-tsc\src\app\task-list\task-list.component.js.map
D:\Priv\sprinterBoard\clientApp\dist\out-tsc\src\app\task-details\task-details.component.js
D:\Priv\sprinterBoard\clientApp\dist\out-tsc\src\app\task-details\task-details.component.js.map
D:\Priv\sprinterBoard\clientApp\dist\out-tsc\src\app\app.module.js
D:\Priv\sprinterBoard\clientApp\dist\out-tsc\src\app\app.module.js.map
D:\Priv\sprinterBoard\clientApp\dist\out-tsc\src\environments\environment.js
D:\Priv\sprinterBoard\clientApp\dist\out-tsc\src\environments\environment.js.map
D:\Priv\sprinterBoard\clientApp\dist\out-tsc\src\main.js
D:\Priv\sprinterBoard\clientApp\dist\out-tsc\src\main.js.map
D:\Priv\sprinterBoard\clientApp\dist\out-tsc\src\polyfills.js
D:\Priv\sprinterBoard\clientApp\dist\out-tsc\src\polyfills.js.map
D:\Priv\sprinterBoard\clientApp\dist\out-tsc\src\test.js
D:\Priv\sprinterBoard\clientApp\dist\out-tsc\src\test.js.map
D:\Priv\sprinterBoard\clientApp\dist\out-tsc\src\environments\environment.prod.js
D:\Priv\sprinterBoard\clientApp\dist\out-tsc\src\environments\environment.prod.js.map
D:\Priv\sprinterBoard\clientApp\dist\out-tsc\src\app\app.component.spec.js
D:\Priv\sprinterBoard\clientApp\dist\out-tsc\src\app\app.component.spec.js.map
D:\Priv\sprinterBoard\clientApp\dist\out-tsc\src\app\task-list\task-list.component.spec.js
D:\Priv\sprinterBoard\clientApp\dist\out-tsc\src\app\task-list\task-list.component.spec.js.map
D:\Priv\sprinterBoard\clientApp\dist\out-tsc\src\app\task-details\task-details.component.spec.js
D:\Priv\sprinterBoard\clientApp\dist\out-tsc\src\app\task-details\task-details.component.spec.js.map
D:\Priv\sprinterBoard\clientApp\dist\out-tsc\e2e\app.po.js
D:\Priv\sprinterBoard\clientApp\dist\out-tsc\e2e\app.po.js.map
D:\Priv\sprinterBoard\clientApp\dist\out-tsc\e2e\app.e2e-spec.js
D:\Priv\sprinterBoard\clientApp\dist\out-tsc\e2e\app.e2e-spec.js.map
D:\Priv\sprinterBoard\clientApp\dist\out-tsc\src\app\app.component.js
D:\Priv\sprinterBoard\clientApp\dist\out-tsc\src\app\app.component.js.map
D:\Priv\sprinterBoard\clientApp\dist\out-tsc\src\app\task-list\task.service.js
D:\Priv\sprinterBoard\clientApp\dist\out-tsc\src\app\task-list\task.service.js.map
D:\Priv\sprinterBoard\clientApp\dist\out-tsc\src\app\task-list\task-list.component.js
D:\Priv\sprinterBoard\clientApp\dist\out-tsc\src\app\task-list\task-list.component.js.map
D:\Priv\sprinterBoard\clientApp\dist\out-tsc\src\app\task-details\task-details.component.js
D:\Priv\sprinterBoard\clientApp\dist\out-tsc\src\app\task-details\task-details.component.js.map
D:\Priv\sprinterBoard\clientApp\dist\out-tsc\src\app\app.module.js
D:\Priv\sprinterBoard\clientApp\dist\out-tsc\src\app\app.module.js.map
D:\Priv\sprinterBoard\clientApp\dist\out-tsc\src\environments\environment.js
D:\Priv\sprinterBoard\clientApp\dist\out-tsc\src\environments\environment.js.map
D:\Priv\sprinterBoard\clientApp\dist\out-tsc\src\main.js
D:\Priv\sprinterBoard\clientApp\dist\out-tsc\src\main.js.map
D:\Priv\sprinterBoard\clientApp\dist\out-tsc\src\polyfills.js
D:\Priv\sprinterBoard\clientApp\dist\out-tsc\src\polyfills.js.map
D:\Priv\sprinterBoard\clientApp\dist\out-tsc\src\test.js
D:\Priv\sprinterBoard\clientApp\dist\out-tsc\src\test.js.map
D:\Priv\sprinterBoard\clientApp\dist\out-tsc\src\environments\environment.prod.js
D:\Priv\sprinterBoard\clientApp\dist\out-tsc\src\environments\environment.prod.js.map
D:\Priv\sprinterBoard\clientApp\dist\out-tsc\src\app\app.component.spec.js
D:\Priv\sprinterBoard\clientApp\dist\out-tsc\src\app\app.component.spec.js.map
D:\Priv\sprinterBoard\clientApp\dist\out-tsc\src\app\task-list\task-list.component.spec.js
D:\Priv\sprinterBoard\clientApp\dist\out-tsc\src\app\task-list\task-list.component.spec.js.map
D:\Priv\sprinterBoard\clientApp\dist\out-tsc\src\app\task-details\task-details.component.spec.js
D:\Priv\sprinterBoard\clientApp\dist\out-tsc\src\app\task-details\task-details.component.spec.js.map
D:\Priv\sprinterBoard\clientApp\dist\out-tsc\e2e\app.po.js
D:\Priv\sprinterBoard\clientApp\dist\out-tsc\e2e\app.po.js.map
D:\Priv\sprinterBoard\clientApp\dist\out-tsc\e2e\app.e2e-spec.js
D:\Priv\sprinterBoard\clientApp\dist\out-tsc\e2e\app.e2e-spec.js.map
D:\Priv\sprinterBoard\clientApp\dist\out-tsc\src\app\app.component.js
D:\Priv\sprinterBoard\clientApp\dist\out-tsc\src\app\app.component.js.map
D:\Priv\sprinterBoard\clientApp\dist\out-tsc\src\app\task-list\task.service.js
D:\Priv\sprinterBoard\clientApp\dist\out-tsc\src\app\task-list\task.service.js.map
D:\Priv\sprinterBoard\clientApp\dist\out-tsc\src\app\task-list\task-list.component.js
D:\Priv\sprinterBoard\clientApp\dist\out-tsc\src\app\task-list\task-list.component.js.map
D:\Priv\sprinterBoard\clientApp\dist\out-tsc\src\app\task-details\task-details.component.js
D:\Priv\sprinterBoard\clientApp\dist\out-tsc\src\app\task-details\task-details.component.js.map
D:\Priv\sprinterBoard\clientApp\dist\out-tsc\src\app\app.module.js
D:\Priv\sprinterBoard\clientApp\dist\out-tsc\src\app\app.module.js.map
D:\Priv\sprinterBoard\clientApp\dist\out-tsc\src\environments\environment.js
D:\Priv\sprinterBoard\clientApp\dist\out-tsc\src\environments\environment.js.map
D:\Priv\sprinterBoard\clientApp\dist\out-tsc\src\main.js
D:\Priv\sprinterBoard\clientApp\dist\out-tsc\src\main.js.map
D:\Priv\sprinterBoard\clientApp\dist\out-tsc\src\polyfills.js
D:\Priv\sprinterBoard\clientApp\dist\out-tsc\src\polyfills.js.map
D:\Priv\sprinterBoard\clientApp\dist\out-tsc\src\test.js
D:\Priv\sprinterBoard\clientApp\dist\out-tsc\src\test.js.map
D:\Priv\sprinterBoard\clientApp\dist\out-tsc\src\environments\environment.prod.js
D:\Priv\sprinterBoard\clientApp\dist\out-tsc\src\environments\environment.prod.js.map
D:\Priv\sprinterBoard\clientApp\dist\out-tsc\src\app\app.component.spec.js
D:\Priv\sprinterBoard\clientApp\dist\out-tsc\src\app\app.component.spec.js.map
D:\Priv\sprinterBoard\clientApp\dist\out-tsc\src\app\task-list\task-list.component.spec.js
D:\Priv\sprinterBoard\clientApp\dist\out-tsc\src\app\task-list\task-list.component.spec.js.map
D:\Priv\sprinterBoard\clientApp\dist\out-tsc\src\app\task-details\task-details.component.spec.js
D:\Priv\sprinterBoard\clientApp\dist\out-tsc\src\app\task-details\task-details.component.spec.js.map
D:\Priv\sprinterBoard\clientApp\dist\out-tsc\e2e\app.po.js
D:\Priv\sprinterBoard\clientApp\dist\out-tsc\e2e\app.po.js.map
D:\Priv\sprinterBoard\clientApp\dist\out-tsc\e2e\app.e2e-spec.js
D:\Priv\sprinterBoard\clientApp\dist\out-tsc\e2e\app.e2e-spec.js.map
D:\Priv\sprinterBoard\clientApp\dist\out-tsc\src\app\app.component.js
D:\Priv\sprinterBoard\clientApp\dist\out-tsc\src\app\app.component.js.map
D:\Priv\sprinterBoard\clientApp\dist\out-tsc\src\app\task-list\task.service.js
D:\Priv\sprinterBoard\clientApp\dist\out-tsc\src\app\task-list\task.service.js.map
D:\Priv\sprinterBoard\clientApp\dist\out-tsc\src\app\task-list\task-list.component.js
D:\Priv\sprinterBoard\clientApp\dist\out-tsc\src\app\task-list\task-list.component.js.map
D:\Priv\sprinterBoard\clientApp\dist\out-tsc\src\app\task-details\task-details.component.js
D:\Priv\sprinterBoard\clientApp\dist\out-tsc\src\app\task-details\task-details.component.js.map
D:\Priv\sprinterBoard\clientApp\dist\out-tsc\src\app\app.module.js
D:\Priv\sprinterBoard\clientApp\dist\out-tsc\src\app\app.module.js.map
D:\Priv\sprinterBoard\clientApp\dist\out-tsc\src\environments\environment.js
D:\Priv\sprinterBoard\clientApp\dist\out-tsc\src\environments\environment.js.map
D:\Priv\sprinterBoard\clientApp\dist\out-tsc\src\main.js
D:\Priv\sprinterBoard\clientApp\dist\out-tsc\src\main.js.map
D:\Priv\sprinterBoard\clientApp\dist\out-tsc\src\polyfills.js
D:\Priv\sprinterBoard\clientApp\dist\out-tsc\src\polyfills.js.map
D:\Priv\sprinterBoard\clientApp\dist\out-tsc\src\test.js
D:\Priv\sprinterBoard\clientApp\dist\out-tsc\src\test.js.map
D:\Priv\sprinterBoard\clientApp\dist\out-tsc\src\environments\environment.prod.js
D:\Priv\sprinterBoard\clientApp\dist\out-tsc\src\environments\environment.prod.js.map
D:\Priv\sprinterBoard\clientApp\dist\out-tsc\src\app\app.component.spec.js
D:\Priv\sprinterBoard\clientApp\dist\out-tsc\src\app\app.component.spec.js.map
D:\Priv\sprinterBoard\clientApp\dist\out-tsc\src\app\task-list\task-list.component.spec.js
D:\Priv\sprinterBoard\clientApp\dist\out-tsc\src\app\task-list\task-list.component.spec.js.map
D:\Priv\sprinterBoard\clientApp\dist\out-tsc\src\app\task-details\task-details.component.spec.js
D:\Priv\sprinterBoard\clientApp\dist\out-tsc\src\app\task-details\task-details.component.spec.js.map
D:\Priv\sprinterBoard\clientApp\dist\out-tsc\e2e\app.po.js
D:\Priv\sprinterBoard\clientApp\dist\out-tsc\e2e\app.po.js.map
D:\Priv\sprinterBoard\clientApp\dist\out-tsc\e2e\app.e2e-spec.js
D:\Priv\sprinterBoard\clientApp\dist\out-tsc\e2e\app.e2e-spec.js.map
D:\Priv\sprinterBoard\clientApp\dist\out-tsc\src\app\app.component.js
D:\Priv\sprinterBoard\clientApp\dist\out-tsc\src\app\app.component.js.map
D:\Priv\sprinterBoard\clientApp\dist\out-tsc\src\app\task-list\task.service.js
D:\Priv\sprinterBoard\clientApp\dist\out-tsc\src\app\task-list\task.service.js.map
D:\Priv\sprinterBoard\clientApp\dist\out-tsc\src\app\task-list\task-list.component.js
D:\Priv\sprinterBoard\clientApp\dist\out-tsc\src\app\task-list\task-list.component.js.map
D:\Priv\sprinterBoard\clientApp\dist\out-tsc\src\app\task-details\task-details.component.js
D:\Priv\sprinterBoard\clientApp\dist\out-tsc\src\app\task-details\task-details.component.js.map
D:\Priv\sprinterBoard\clientApp\dist\out-tsc\src\app\app.module.js
D:\Priv\sprinterBoard\clientApp\dist\out-tsc\src\app\app.module.js.map
D:\Priv\sprinterBoard\clientApp\dist\out-tsc\src\environments\environment.js
D:\Priv\sprinterBoard\clientApp\dist\out-tsc\src\environments\environment.js.map
D:\Priv\sprinterBoard\clientApp\dist\out-tsc\src\main.js
D:\Priv\sprinterBoard\clientApp\dist\out-tsc\src\main.js.map
D:\Priv\sprinterBoard\clientApp\dist\out-tsc\src\polyfills.js
D:\Priv\sprinterBoard\clientApp\dist\out-tsc\src\polyfills.js.map
D:\Priv\sprinterBoard\clientApp\dist\out-tsc\src\test.js
D:\Priv\sprinterBoard\clientApp\dist\out-tsc\src\test.js.map
D:\Priv\sprinterBoard\clientApp\dist\out-tsc\src\environments\environment.prod.js
D:\Priv\sprinterBoard\clientApp\dist\out-tsc\src\environments\environment.prod.js.map
D:\Priv\sprinterBoard\clientApp\dist\out-tsc\src\app\app.component.spec.js
D:\Priv\sprinterBoard\clientApp\dist\out-tsc\src\app\app.component.spec.js.map
D:\Priv\sprinterBoard\clientApp\dist\out-tsc\src\app\task-list\task-list.component.spec.js
D:\Priv\sprinterBoard\clientApp\dist\out-tsc\src\app\task-list\task-list.component.spec.js.map
D:\Priv\sprinterBoard\clientApp\dist\out-tsc\src\app\task-details\task-details.component.spec.js
D:\Priv\sprinterBoard\clientApp\dist\out-tsc\src\app\task-details\task-details.component.spec.js.map
D:\Priv\sprinterBoard\clientApp\dist\out-tsc\e2e\app.po.js
D:\Priv\sprinterBoard\clientApp\dist\out-tsc\e2e\app.po.js.map
D:\Priv\sprinterBoard\clientApp\dist\out-tsc\e2e\app.e2e-spec.js
D:\Priv\sprinterBoard\clientApp\dist\out-tsc\e2e\app.e2e-spec.js.map
D:\Priv\sprinterBoard\clientApp\dist\out-tsc\src\app\app.component.js
D:\Priv\sprinterBoard\clientApp\dist\out-tsc\src\app\app.component.js.map
D:\Priv\sprinterBoard\clientApp\dist\out-tsc\src\app\task-list\task.service.js
D:\Priv\sprinterBoard\clientApp\dist\out-tsc\src\app\task-list\task.service.js.map
D:\Priv\sprinterBoard\clientApp\dist\out-tsc\src\app\task-list\task-list.component.js
D:\Priv\sprinterBoard\clientApp\dist\out-tsc\src\app\task-list\task-list.component.js.map
D:\Priv\sprinterBoard\clientApp\dist\out-tsc\src\app\task-details\task-details.component.js
D:\Priv\sprinterBoard\clientApp\dist\out-tsc\src\app\task-details\task-details.component.js.map
D:\Priv\sprinterBoard\clientApp\dist\out-tsc\src\app\app.module.js
D:\Priv\sprinterBoard\clientApp\dist\out-tsc\src\app\app.module.js.map
D:\Priv\sprinterBoard\clientApp\dist\out-tsc\src\environments\environment.js
D:\Priv\sprinterBoard\clientApp\dist\out-tsc\src\environments\environment.js.map
D:\Priv\sprinterBoard\clientApp\dist\out-tsc\src\main.js
D:\Priv\sprinterBoard\clientApp\dist\out-tsc\src\main.js.map
D:\Priv\sprinterBoard\clientApp\dist\out-tsc\src\polyfills.js
D:\Priv\sprinterBoard\clientApp\dist\out-tsc\src\polyfills.js.map
D:\Priv\sprinterBoard\clientApp\dist\out-tsc\src\test.js
D:\Priv\sprinterBoard\clientApp\dist\out-tsc\src\test.js.map
D:\Priv\sprinterBoard\clientApp\dist\out-tsc\src\environments\environment.prod.js
D:\Priv\sprinterBoard\clientApp\dist\out-tsc\src\environments\environment.prod.js.map
D:\Priv\sprinterBoard\clientApp\dist\out-tsc\src\app\app.component.spec.js
D:\Priv\sprinterBoard\clientApp\dist\out-tsc\src\app\app.component.spec.js.map
D:\Priv\sprinterBoard\clientApp\dist\out-tsc\src\app\task-list\task-list.component.spec.js
D:\Priv\sprinterBoard\clientApp\dist\out-tsc\src\app\task-list\task-list.component.spec.js.map
D:\Priv\sprinterBoard\clientApp\dist\out-tsc\src\app\task-details\task-details.component.spec.js
D:\Priv\sprinterBoard\clientApp\dist\out-tsc\src\app\task-details\task-details.component.spec.js.map
D:\Priv\sprinterBoard\clientApp\dist\out-tsc\e2e\app.po.js
D:\Priv\sprinterBoard\clientApp\dist\out-tsc\e2e\app.po.js.map
D:\Priv\sprinterBoard\clientApp\dist\out-tsc\e2e\app.e2e-spec.js
D:\Priv\sprinterBoard\clientApp\dist\out-tsc\e2e\app.e2e-spec.js.map
D:\Priv\sprinterBoard\clientApp\dist\out-tsc\src\app\app.component.js
D:\Priv\sprinterBoard\clientApp\dist\out-tsc\src\app\app.component.js.map
D:\Priv\sprinterBoard\clientApp\dist\out-tsc\src\app\task-list\task.service.js
D:\Priv\sprinterBoard\clientApp\dist\out-tsc\src\app\task-list\task.service.js.map
D:\Priv\sprinterBoard\clientApp\dist\out-tsc\src\app\task-list\task-list.component.js
D:\Priv\sprinterBoard\clientApp\dist\out-tsc\src\app\task-list\task-list.component.js.map
D:\Priv\sprinterBoard\clientApp\dist\out-tsc\src\app\task-details\task-details.component.js
D:\Priv\sprinterBoard\clientApp\dist\out-tsc\src\app\task-details\task-details.component.js.map
D:\Priv\sprinterBoard\clientApp\dist\out-tsc\src\app\app.module.js
D:\Priv\sprinterBoard\clientApp\dist\out-tsc\src\app\app.module.js.map
D:\Priv\sprinterBoard\clientApp\dist\out-tsc\src\environments\environment.js
D:\Priv\sprinterBoard\clientApp\dist\out-tsc\src\environments\environment.js.map
D:\Priv\sprinterBoard\clientApp\dist\out-tsc\src\main.js
D:\Priv\sprinterBoard\clientApp\dist\out-tsc\src\main.js.map
D:\Priv\sprinterBoard\clientApp\dist\out-tsc\src\polyfills.js
D:\Priv\sprinterBoard\clientApp\dist\out-tsc\src\polyfills.js.map
D:\Priv\sprinterBoard\clientApp\dist\out-tsc\src\test.js
D:\Priv\sprinterBoard\clientApp\dist\out-tsc\src\test.js.map
D:\Priv\sprinterBoard\clientApp\dist\out-tsc\src\environments\environment.prod.js
D:\Priv\sprinterBoard\clientApp\dist\out-tsc\src\environments\environment.prod.js.map
D:\Priv\sprinterBoard\clientApp\dist\out-tsc\src\app\app.component.spec.js
D:\Priv\sprinterBoard\clientApp\dist\out-tsc\src\app\app.component.spec.js.map
D:\Priv\sprinterBoard\clientApp\dist\out-tsc\src\app\task-list\task-list.component.spec.js
D:\Priv\sprinterBoard\clientApp\dist\out-tsc\src\app\task-list\task-list.component.spec.js.map
D:\Priv\sprinterBoard\clientApp\dist\out-tsc\src\app\task-details\task-details.component.spec.js
D:\Priv\sprinterBoard\clientApp\dist\out-tsc\src\app\task-details\task-details.component.spec.js.map
D:\Priv\sprinterBoard\clientApp\dist\out-tsc\e2e\app.po.js
D:\Priv\sprinterBoard\clientApp\dist\out-tsc\e2e\app.po.js.map
D:\Priv\sprinterBoard\clientApp\dist\out-tsc\e2e\app.e2e-spec.js
D:\Priv\sprinterBoard\clientApp\dist\out-tsc\e2e\app.e2e-spec.js.map
